<?xml version="1.0" encoding="UTF-8"?>
<!-- Generated by org.testng.reporters.JUnitReportReporter -->
<testsuite hostname="DESKTOP-AFBT1R5" failures="0" tests="1" name="com.nopcommerce.testcases.SearchButtonTest" time="4.345" errors="0" timestamp="2023-12-28T22:40:15 IST" skipped="0">
  <testcase classname="com.nopcommerce.testcases.SearchButtonTest" name="searchTc" time="4.345"/>
</testsuite> <!-- com.nopcommerce.testcases.SearchButtonTest -->
