<?xml version="1.0" encoding="UTF-8"?>
<!-- Generated by org.testng.reporters.JUnitReportReporter -->
<testsuite hostname="DESKTOP-AFBT1R5" failures="0" tests="1" name="mavenprojectss.Rediff" time="0.010" errors="0" timestamp="2023-12-12T16:30:05 IST" skipped="0">
  <testcase classname="mavenprojectss.Rediff" name="test111" time="0.010"/>
</testsuite> <!-- mavenprojectss.Rediff -->
