<?xml version="1.0" encoding="UTF-8"?>
<!-- Generated by org.testng.reporters.JUnitReportReporter -->
<testsuite hostname="DESKTOP-AFBT1R5" failures="0" tests="2" name="com.nopcommerce.testcases.TC_SearchButton" time="8.044" errors="0" timestamp="2024-01-16T17:24:06 IST" skipped="0">
  <testcase classname="com.nopcommerce.testcases.TC_SearchButton" name="searchTc" time="5.112"/>
  <testcase classname="com.nopcommerce.testcases.TC_SearchButton" name="VerifySearchProduct" time="2.932"/>
</testsuite> <!-- com.nopcommerce.testcases.TC_SearchButton -->
